# JRE version: OpenJDK Runtime Environment Temurin-21.0.8+9 (21.0.8+9) (build 21.0.8+9-LTS)
# Java VM: OpenJDK 64-Bit Server VM Temurin-21.0.8+9 (21.0.8+9-LTS, mixed mode, sharing, tiered, compressed oops, compressed class ptrs, parallel gc, windows-amd64)
GC Precious Log:
 CardTable entry size: 512
 CPUs: 8 total, 8 available
 Memory: 6020M
 Large Page Support: Disabled
 NUMA Support: Disabled
 Compressed Oops: Enabled (32-bit)
 Alignments: Space 512K, Generation 512K, Heap 2M
 Heap Min Capacity: 100M
 Heap Initial Capacity: 100M
 Heap Max Capacity: 2G
 Pre-touch: Disabled
 Parallel Workers: 8
Heap:
 PSYoungGen      total 15872K, used 9007K [0x00000000d5580000, 0x00000000d6600000, 0x0000000100000000)
  eden space 14336K, 58% used [0x00000000d5580000,0x00000000d5dbf4c0,0x00000000d6380000)
  from space 1536K, 36% used [0x00000000d6380000,0x00000000d640c928,0x00000000d6500000)
  to   space 1024K, 0% used [0x00000000d6500000,0x00000000d6500000,0x00000000d6600000)
 ParOldGen       total 324608K, used 324575K [0x0000000080000000, 0x0000000093d00000, 0x00000000d5580000)
  object space 324608K, 99% used [0x0000000080000000,0x0000000093cf7dc8,0x0000000093d00000)
 Metaspace       used 67531K, committed 69056K, reserved 1114112K
  class space    used 7217K, committed 7936K, reserved 1048576K
GC Heap History (20 events):
Event: 148.104 GC heap before
{Heap before GC invocations=713 (full 3):
 PSYoungGen      total 15872K, used 15872K [0x00000000d5580000, 0x00000000d6a80000, 0x0000000100000000)
  eden space 14336K, 100% used [0x00000000d5580000,0x00000000d6380000,0x00000000d6380000)
  from space 1536K, 100% used [0x00000000d6500000,0x00000000d6680000,0x00000000d6680000)
  to   space 3584K, 0% used [0x00000000d6700000,0x00000000d6700000,0x00000000d6a80000)
 ParOldGen       total 316416K, used 316274K [0x0000000080000000, 0x0000000093500000, 0x00000000d5580000)
  object space 316416K, 99% used [0x0000000080000000,0x00000000934dcbe0,0x0000000093500000)
 Metaspace       used 67514K, committed 69056K, reserved 1114112K
  class space    used 7217K, committed 7936K, reserved 1048576K
}
Event: 148.110 GC heap after
{Heap after GC invocations=713 (full 3):
 PSYoungGen      total 15872K, used 1504K [0x00000000d5580000, 0x00000000d6880000, 0x0000000100000000)
  eden space 14336K, 0% used [0x00000000d5580000,0x00000000d5580000,0x00000000d6380000)
  from space 1536K, 97% used [0x00000000d6700000,0x00000000d6878000,0x00000000d6880000)
  to   space 2560K, 0% used [0x00000000d6380000,0x00000000d6380000,0x00000000d6600000)
 ParOldGen       total 317952K, used 317804K [0x0000000080000000, 0x0000000093680000, 0x00000000d5580000)
  object space 317952K, 99% used [0x0000000080000000,0x000000009365b0e0,0x0000000093680000)
 Metaspace       used 67514K, committed 69056K, reserved 1114112K
  class space    used 7217K, committed 7936K, reserved 1048576K
}
Event: 148.262 GC heap before
{Heap before GC invocations=714 (full 3):
 PSYoungGen      total 15872K, used 15840K [0x00000000d5580000, 0x00000000d6880000, 0x0000000100000000)
  eden space 14336K, 100% used [0x00000000d5580000,0x00000000d6380000,0x00000000d6380000)
  from space 1536K, 97% used [0x00000000d6700000,0x00000000d6878000,0x00000000d6880000)
  to   space 2560K, 0% used [0x00000000d6380000,0x00000000d6380000,0x00000000d6600000)
 ParOldGen       total 317952K, used 317804K [0x0000000080000000, 0x0000000093680000, 0x00000000d5580000)
  object space 317952K, 99% used [0x0000000080000000,0x000000009365b0e0,0x0000000093680000)
 Metaspace       used 67514K, committed 69056K, reserved 1114112K
  class space    used 7217K, committed 7936K, reserved 1048576K
}
Event: 148.268 GC heap after
{Heap after GC invocations=714 (full 3):
 PSYoungGen      total 16896K, used 1056K [0x00000000d5580000, 0x00000000d6780000, 0x0000000100000000)
  eden space 14336K, 0% used [0x00000000d5580000,0x00000000d5580000,0x00000000d6380000)
  from space 2560K, 41% used [0x00000000d6380000,0x00000000d6488000,0x00000000d6600000)
  to   space 1536K, 0% used [0x00000000d6600000,0x00000000d6600000,0x00000000d6780000)
 ParOldGen       total 319488K, used 319208K [0x0000000080000000, 0x0000000093800000, 0x00000000d5580000)
  object space 319488K, 99% used [0x0000000080000000,0x00000000937ba0f0,0x0000000093800000)
 Metaspace       used 67514K, committed 69056K, reserved 1114112K
  class space    used 7217K, committed 7936K, reserved 1048576K
}
Event: 148.343 GC heap before
{Heap before GC invocations=715 (full 3):
 PSYoungGen      total 16896K, used 15392K [0x00000000d5580000, 0x00000000d6780000, 0x0000000100000000)
  eden space 14336K, 100% used [0x00000000d5580000,0x00000000d6380000,0x00000000d6380000)
  from space 2560K, 41% used [0x00000000d6380000,0x00000000d6488000,0x00000000d6600000)
  to   space 1536K, 0% used [0x00000000d6600000,0x00000000d6600000,0x00000000d6780000)
 ParOldGen       total 319488K, used 319208K [0x0000000080000000, 0x0000000093800000, 0x00000000d5580000)
  object space 319488K, 99% used [0x0000000080000000,0x00000000937ba0f0,0x0000000093800000)
 Metaspace       used 67516K, committed 69056K, reserved 1114112K
  class space    used 7217K, committed 7936K, reserved 1048576K
}
Event: 148.348 GC heap after
{Heap after GC invocations=715 (full 3):
 PSYoungGen      total 15872K, used 1280K [0x00000000d5580000, 0x00000000d6780000, 0x0000000100000000)
  eden space 14336K, 0% used [0x00000000d5580000,0x00000000d5580000,0x00000000d6380000)
  from space 1536K, 83% used [0x00000000d6600000,0x00000000d6740000,0x00000000d6780000)
  to   space 1536K, 0% used [0x00000000d6480000,0x00000000d6480000,0x00000000d6600000)
 ParOldGen       total 320512K, used 320176K [0x0000000080000000, 0x0000000093900000, 0x00000000d5580000)
  object space 320512K, 99% used [0x0000000080000000,0x00000000938ac0f0,0x0000000093900000)
 Metaspace       used 67516K, committed 69056K, reserved 1114112K
  class space    used 7217K, committed 7936K, reserved 1048576K
}
Event: 148.456 GC heap before
{Heap before GC invocations=716 (full 3):
 PSYoungGen      total 15872K, used 15616K [0x00000000d5580000, 0x00000000d6780000, 0x0000000100000000)
  eden space 14336K, 100% used [0x00000000d5580000,0x00000000d6380000,0x00000000d6380000)
  from space 1536K, 83% used [0x00000000d6600000,0x00000000d6740000,0x00000000d6780000)
  to   space 1536K, 0% used [0x00000000d6480000,0x00000000d6480000,0x00000000d6600000)
 ParOldGen       total 320512K, used 320176K [0x0000000080000000, 0x0000000093900000, 0x00000000d5580000)
  object space 320512K, 99% used [0x0000000080000000,0x00000000938ac0f0,0x0000000093900000)
 Metaspace       used 67516K, committed 69056K, reserved 1114112K
  class space    used 7217K, committed 7936K, reserved 1048576K
}
Event: 148.461 GC heap after
{Heap after GC invocations=716 (full 3):
 PSYoungGen      total 15360K, used 928K [0x00000000d5580000, 0x00000000d6680000, 0x0000000100000000)
  eden space 14336K, 0% used [0x00000000d5580000,0x00000000d5580000,0x00000000d6380000)
  from space 1024K, 90% used [0x00000000d6480000,0x00000000d6568020,0x00000000d6580000)
  to   space 1024K, 0% used [0x00000000d6580000,0x00000000d6580000,0x00000000d6680000)
 ParOldGen       total 321024K, used 320943K [0x0000000080000000, 0x0000000093980000, 0x00000000d5580000)
  object space 321024K, 99% used [0x0000000080000000,0x000000009396bdc8,0x0000000093980000)
 Metaspace       used 67516K, committed 69056K, reserved 1114112K
  class space    used 7217K, committed 7936K, reserved 1048576K
}
Event: 148.582 GC heap before
{Heap before GC invocations=717 (full 3):
 PSYoungGen      total 15360K, used 15264K [0x00000000d5580000, 0x00000000d6680000, 0x0000000100000000)
  eden space 14336K, 100% used [0x00000000d5580000,0x00000000d6380000,0x00000000d6380000)
  from space 1024K, 90% used [0x00000000d6480000,0x00000000d6568020,0x00000000d6580000)
  to   space 1024K, 0% used [0x00000000d6580000,0x00000000d6580000,0x00000000d6680000)
 ParOldGen       total 321024K, used 320943K [0x0000000080000000, 0x0000000093980000, 0x00000000d5580000)
  object space 321024K, 99% used [0x0000000080000000,0x000000009396bdc8,0x0000000093980000)
 Metaspace       used 67516K, committed 69056K, reserved 1114112K
  class space    used 7217K, committed 7936K, reserved 1048576K
}
Event: 148.587 GC heap after
{Heap after GC invocations=717 (full 3):
 PSYoungGen      total 15360K, used 960K [0x00000000d5580000, 0x00000000d6680000, 0x0000000100000000)
  eden space 14336K, 0% used [0x00000000d5580000,0x00000000d5580000,0x00000000d6380000)
  from space 1024K, 93% used [0x00000000d6580000,0x00000000d6670000,0x00000000d6680000)
  to   space 1024K, 0% used [0x00000000d6480000,0x00000000d6480000,0x00000000d6580000)
 ParOldGen       total 321536K, used 321535K [0x0000000080000000, 0x0000000093a00000, 0x00000000d5580000)
  object space 321536K, 99% used [0x0000000080000000,0x00000000939ffdc8,0x0000000093a00000)
 Metaspace       used 67516K, committed 69056K, reserved 1114112K
  class space    used 7217K, committed 7936K, reserved 1048576K
}
Event: 148.766 GC heap before
{Heap before GC invocations=718 (full 3):
 PSYoungGen      total 15360K, used 15296K [0x00000000d5580000, 0x00000000d6680000, 0x0000000100000000)
  eden space 14336K, 100% used [0x00000000d5580000,0x00000000d6380000,0x00000000d6380000)
  from space 1024K, 93% used [0x00000000d6580000,0x00000000d6670000,0x00000000d6680000)
  to   space 1024K, 0% used [0x00000000d6480000,0x00000000d6480000,0x00000000d6580000)
 ParOldGen       total 321536K, used 321535K [0x0000000080000000, 0x0000000093a00000, 0x00000000d5580000)
  object space 321536K, 99% used [0x0000000080000000,0x00000000939ffdc8,0x0000000093a00000)
 Metaspace       used 67516K, committed 69056K, reserved 1114112K
  class space    used 7217K, committed 7936K, reserved 1048576K
}
Event: 148.771 GC heap after
{Heap after GC invocations=718 (full 3):
 PSYoungGen      total 15360K, used 1024K [0x00000000d5580000, 0x00000000d6780000, 0x0000000100000000)
  eden space 14336K, 0% used [0x00000000d5580000,0x00000000d5580000,0x00000000d6380000)
  from space 1024K, 100% used [0x00000000d6480000,0x00000000d6580000,0x00000000d6580000)
  to   space 2048K, 0% used [0x00000000d6580000,0x00000000d6580000,0x00000000d6780000)
 ParOldGen       total 322560K, used 322055K [0x0000000080000000, 0x0000000093b00000, 0x00000000d5580000)
  object space 322560K, 99% used [0x0000000080000000,0x0000000093a81dc8,0x0000000093b00000)
 Metaspace       used 67516K, committed 69056K, reserved 1114112K
  class space    used 7217K, committed 7936K, reserved 1048576K
}
Event: 148.845 GC heap before
{Heap before GC invocations=719 (full 3):
 PSYoungGen      total 15360K, used 15359K [0x00000000d5580000, 0x00000000d6780000, 0x0000000100000000)
  eden space 14336K, 99% used [0x00000000d5580000,0x00000000d637ffd0,0x00000000d6380000)
  from space 1024K, 100% used [0x00000000d6480000,0x00000000d6580000,0x00000000d6580000)
  to   space 2048K, 0% used [0x00000000d6580000,0x00000000d6580000,0x00000000d6780000)
 ParOldGen       total 322560K, used 322055K [0x0000000080000000, 0x0000000093b00000, 0x00000000d5580000)
  object space 322560K, 99% used [0x0000000080000000,0x0000000093a81dc8,0x0000000093b00000)
 Metaspace       used 67517K, committed 69056K, reserved 1114112K
  class space    used 7217K, committed 7936K, reserved 1048576K
}
Event: 148.849 GC heap after
{Heap after GC invocations=719 (full 3):
 PSYoungGen      total 15360K, used 704K [0x00000000d5580000, 0x00000000d6680000, 0x0000000100000000)
  eden space 14336K, 0% used [0x00000000d5580000,0x00000000d5580000,0x00000000d6380000)
  from space 1024K, 68% used [0x00000000d6580000,0x00000000d6630010,0x00000000d6680000)
  to   space 1024K, 0% used [0x00000000d6480000,0x00000000d6480000,0x00000000d6580000)
 ParOldGen       total 323072K, used 322783K [0x0000000080000000, 0x0000000093b80000, 0x00000000d5580000)
  object space 323072K, 99% used [0x0000000080000000,0x0000000093b37dc8,0x0000000093b80000)
 Metaspace       used 67517K, committed 69056K, reserved 1114112K
  class space    used 7217K, committed 7936K, reserved 1048576K
}
Event: 148.952 GC heap before
{Heap before GC invocations=720 (full 3):
 PSYoungGen      total 15360K, used 15040K [0x00000000d5580000, 0x00000000d6680000, 0x0000000100000000)
  eden space 14336K, 100% used [0x00000000d5580000,0x00000000d6380000,0x00000000d6380000)
  from space 1024K, 68% used [0x00000000d6580000,0x00000000d6630010,0x00000000d6680000)
  to   space 1024K, 0% used [0x00000000d6480000,0x00000000d6480000,0x00000000d6580000)
 ParOldGen       total 323072K, used 322783K [0x0000000080000000, 0x0000000093b80000, 0x00000000d5580000)
  object space 323072K, 99% used [0x0000000080000000,0x0000000093b37dc8,0x0000000093b80000)
 Metaspace       used 67518K, committed 69056K, reserved 1114112K
  class space    used 7217K, committed 7936K, reserved 1048576K
}
Event: 148.958 GC heap after
{Heap after GC invocations=720 (full 3):
 PSYoungGen      total 15360K, used 1024K [0x00000000d5580000, 0x00000000d6780000, 0x0000000100000000)
  eden space 14336K, 0% used [0x00000000d5580000,0x00000000d5580000,0x00000000d6380000)
  from space 1024K, 100% used [0x00000000d6480000,0x00000000d6580000,0x00000000d6580000)
  to   space 2048K, 0% used [0x00000000d6580000,0x00000000d6580000,0x00000000d6780000)
 ParOldGen       total 323584K, used 323415K [0x0000000080000000, 0x0000000093c00000, 0x00000000d5580000)
  object space 323584K, 99% used [0x0000000080000000,0x0000000093bd5dc8,0x0000000093c00000)
 Metaspace       used 67518K, committed 69056K, reserved 1114112K
  class space    used 7217K, committed 7936K, reserved 1048576K
}
Event: 149.231 GC heap before
{Heap before GC invocations=721 (full 3):
 PSYoungGen      total 15360K, used 15360K [0x00000000d5580000, 0x00000000d6780000, 0x0000000100000000)
  eden space 14336K, 100% used [0x00000000d5580000,0x00000000d6380000,0x00000000d6380000)
  from space 1024K, 100% used [0x00000000d6480000,0x00000000d6580000,0x00000000d6580000)
  to   space 2048K, 0% used [0x00000000d6580000,0x00000000d6580000,0x00000000d6780000)
 ParOldGen       total 323584K, used 323415K [0x0000000080000000, 0x0000000093c00000, 0x00000000d5580000)
  object space 323584K, 99% used [0x0000000080000000,0x0000000093bd5dc8,0x0000000093c00000)
 Metaspace       used 67528K, committed 69056K, reserved 1114112K
  class space    used 7217K, committed 7936K, reserved 1048576K
}
Event: 149.235 GC heap after
{Heap after GC invocations=721 (full 3):
 PSYoungGen      total 15360K, used 672K [0x00000000d5580000, 0x00000000d6680000, 0x0000000100000000)
  eden space 14336K, 0% used [0x00000000d5580000,0x00000000d5580000,0x00000000d6380000)
  from space 1024K, 65% used [0x00000000d6580000,0x00000000d6628000,0x00000000d6680000)
  to   space 1536K, 0% used [0x00000000d6380000,0x00000000d6380000,0x00000000d6500000)
 ParOldGen       total 324096K, used 324079K [0x0000000080000000, 0x0000000093c80000, 0x00000000d5580000)
  object space 324096K, 99% used [0x0000000080000000,0x0000000093c7bdc8,0x0000000093c80000)
 Metaspace       used 67528K, committed 69056K, reserved 1114112K
  class space    used 7217K, committed 7936K, reserved 1048576K
}
Event: 150.135 GC heap before
{Heap before GC invocations=722 (full 3):
 PSYoungGen      total 15360K, used 15005K [0x00000000d5580000, 0x00000000d6680000, 0x0000000100000000)
  eden space 14336K, 99% used [0x00000000d5580000,0x00000000d637f730,0x00000000d6380000)
  from space 1024K, 65% used [0x00000000d6580000,0x00000000d6628000,0x00000000d6680000)
  to   space 1536K, 0% used [0x00000000d6380000,0x00000000d6380000,0x00000000d6500000)
 ParOldGen       total 324096K, used 324079K [0x0000000080000000, 0x0000000093c80000, 0x00000000d5580000)
  object space 324096K, 99% used [0x0000000080000000,0x0000000093c7bdc8,0x0000000093c80000)
 Metaspace       used 67530K, committed 69056K, reserved 1114112K
  class space    used 7217K, committed 7936K, reserved 1048576K
}
Event: 150.142 GC heap after
{Heap after GC invocations=722 (full 3):
 PSYoungGen      total 15872K, used 562K [0x00000000d5580000, 0x00000000d6600000, 0x0000000100000000)
  eden space 14336K, 0% used [0x00000000d5580000,0x00000000d5580000,0x00000000d6380000)
  from space 1536K, 36% used [0x00000000d6380000,0x00000000d640c928,0x00000000d6500000)
  to   space 1024K, 0% used [0x00000000d6500000,0x00000000d6500000,0x00000000d6600000)
 ParOldGen       total 324608K, used 324575K [0x0000000080000000, 0x0000000093d00000, 0x00000000d5580000)
  object space 324608K, 99% used [0x0000000080000000,0x0000000093cf7dc8,0x0000000093d00000)
 Metaspace       used 67530K, committed 69056K, reserved 1114112K
  class space    used 7217K, committed 7936K, reserved 1048576K
}

